[2018-09-01 11:30:11] 1
[2018-09-01 11:30:12] color is different: (500,543,717171) 和 f1d5a6
[2018-09-01 11:30:12] 不是紫色：500 543 717171
[2018-09-01 11:30:12] color is different: (518,543,f1d5a6) 和 717171
[2018-09-01 11:30:12] 不是紫色：518 543 f1d5a6
[2018-09-01 11:30:12] (x21,y21): (453,575)    (x22,y22): (565,575)
[2018-09-01 11:30:12] (x1,y1): (223,738)	(x2,y2): (509,573)	d: 330.18328243568
[2018-09-01 11:30:14] cost 3 s
[2018-09-01 11:30:14] 2
[2018-09-01 11:30:15] color is different: (169,482,ffee61) 和 f2d6a9
[2018-09-01 11:30:15] 不是紫色：169 482 ffee61
[2018-09-01 11:30:15] color is different: (170,482,f2d6a9) 和 ffee61
[2018-09-01 11:30:15] 不是紫色：170 482 f2d6a9
[2018-09-01 11:30:15] (x21,y21): (79,534)    (x22,y22): (259,534)
[2018-09-01 11:30:15] (x1,y1): (575,772)	(x2,y2): (169,532)	d: 471.63121185944
[2018-09-01 11:30:18] cost 4 s
[2018-09-01 11:30:18] 3
[2018-09-01 11:30:19] color is different: (545,503,717171) 和 f1d6a8
[2018-09-01 11:30:19] 不是紫色：545 503 717171
[2018-09-01 11:30:19] color is different: (547,503,f1d6a8) 和 717171
[2018-09-01 11:30:19] 不是紫色：547 503 f1d6a8
[2018-09-01 11:30:19] (x21,y21): (458,554)    (x22,y22): (634,554)
[2018-09-01 11:30:19] (x1,y1): (194,747)	(x2,y2): (546,552)	d: 402.40402582479
[2018-09-01 11:30:21] cost 3 s
[2018-09-01 11:30:21] 4
[2018-09-01 11:30:23] color is different: (520,505,e5c6a4) 和 f1d6a8
[2018-09-01 11:30:23] 不是紫色：520 505 e5c6a4
[2018-09-01 11:30:23] 木板凳
[2018-09-01 11:30:23] (x1,y1): (236,731)	(x2,y2): (520,563)	d: 329.96969557825
[2018-09-01 11:30:25] cost 4 s
[2018-09-01 11:30:25] 5
[2018-09-01 11:30:27] color is different: (283,580,717171) 和 f0d4a5
[2018-09-01 11:30:27] 不是紫色：283 580 717171
[2018-09-01 11:30:27] color is different: (299,580,f0d4a5) 和 717171
[2018-09-01 11:30:27] 不是紫色：299 580 f0d4a5
[2018-09-01 11:30:27] (x21,y21): (249,604.5)    (x22,y22): (333,604.5)
[2018-09-01 11:30:27] (x1,y1): (447,705)	(x2,y2): (291,602.5)	d: 186.66078859793
[2018-09-01 11:30:29] cost 4 s
[2018-09-01 11:30:29] 6
[2018-09-01 11:30:30] color is different: (268,560,649569) 和 e5d3b3
[2018-09-01 11:30:30] 不是紫色：268 560 649569
[2018-09-01 11:30:30] color is different: (272,560,e5d3b3) 和 649569
[2018-09-01 11:30:30] 不是紫色：272 560 e5d3b3
[2018-09-01 11:30:30] (x21,y21): (213,592)    (x22,y22): (326,592)
[2018-09-01 11:30:30] (x1,y1): (486,718)	(x2,y2): (269.5,590)	d: 251.50795216056
[2018-09-01 11:30:32] cost 3 s
[2018-09-01 11:30:32] 7
[2018-09-01 11:30:34] color is different: (557,522,f6f6f6) 和 bed2e6
[2018-09-01 11:30:34] 不是紫色：557 522 f6f6f6
[2018-09-01 11:30:34] color is different: (559,522,bed2e6) 和 f6f6f6
[2018-09-01 11:30:34] 不是紫色：559 522 bed2e6
[2018-09-01 11:30:34] (x21,y21): (515,547)    (x22,y22): (601,547)
[2018-09-01 11:30:34] (x1,y1): (194,761)	(x2,y2): (558,545)	d: 423.26351130236
[2018-09-01 11:30:36] cost 4 s
[2018-09-01 11:30:36] 8
[2018-09-01 11:30:38] color is different: (248,529,fafafa) 和 bdd3e8
[2018-09-01 11:30:38] 不是紫色：248 529 fafafa
[2018-09-01 11:30:38] color is different: (252,529,bdd3e8) 和 fafafa
[2018-09-01 11:30:38] 不是紫色：252 529 bdd3e8
[2018-09-01 11:30:38] (x21,y21): (160,580)    (x22,y22): (339,580)
[2018-09-01 11:30:38] (x1,y1): (500,723)	(x2,y2): (249.5,578)	d: 289.43954463756
[2018-09-01 11:30:40] cost 4 s
[2018-09-01 11:30:40] 9
[2018-09-01 11:30:40] color is different: (158,442,f6f6f6) 和 c1d6eb
[2018-09-01 11:30:40] 不是紫色：158 442 f6f6f6
[2018-09-01 11:30:40] color is different: (161,442,c1d6eb) 和 f6f6f6
[2018-09-01 11:30:40] 不是紫色：161 442 c1d6eb
[2018-09-01 11:30:40] (x21,y21): (9,528)    (x22,y22): (309,528)
[2018-09-01 11:30:40] (x1,y1): (586,775)	(x2,y2): (159,526)	d: 494.29748128025
[2018-09-01 11:30:43] cost 3 s
[2018-09-01 11:30:43] 10
[2018-09-01 11:30:44] color is different: (521,481,f6f6f6) 和 bfd4ea
[2018-09-01 11:30:44] 不是紫色：521 481 f6f6f6
[2018-09-01 11:30:44] color is different: (525,481,bfd4ea) 和 f6f6f6
[2018-09-01 11:30:44] 不是紫色：525 481 bfd4ea
[2018-09-01 11:30:44] (x21,y21): (372,567)    (x22,y22): (673,567)
[2018-09-01 11:30:44] (x1,y1): (214,732)	(x2,y2): (522.5,565)	d: 350.8008694402
[2018-09-01 11:30:46] cost 3 s
[2018-09-01 11:30:46] 11
[2018-09-01 11:30:47] color is different: (535,499,fe4a53) 和 bed4e9
[2018-09-01 11:30:47] 不是紫色：535 499 fe4a53
[2018-09-01 11:30:47] color is different: (539,499,bed4e9) 和 fe4a53
[2018-09-01 11:30:47] 不是紫色：539 499 bed4e9
[2018-09-01 11:30:47] (x21,y21): (432,559)    (x22,y22): (641,559)
[2018-09-01 11:30:47] (x1,y1): (219,741)	(x2,y2): (536.5,557)	d: 366.96355404863
[2018-09-01 11:30:49] cost 3 s
[2018-09-01 11:30:49] 12
[2018-09-01 11:30:51] color is different: (426,558,35363e) 和 bbd1e7
[2018-09-01 11:30:51] j changed
[2018-09-01 11:30:51] color is different: (423,559,36373f) 和 bbd1e7
[2018-09-01 11:30:51] j changed
[2018-09-01 11:30:51] color is different: (421,560,373842) 和 bbd1e7
[2018-09-01 11:30:51] j changed
[2018-09-01 11:30:51] color is different: (420,561,383846) 和 bbd1e7
[2018-09-01 11:30:51] j changed
[2018-09-01 11:30:51] color is different: (419,562,383949) 和 bbd1e7
[2018-09-01 11:30:51] j changed
[2018-09-01 11:30:51] color is different: (418,563,373949) 和 bbd1e7
[2018-09-01 11:30:51] j changed
[2018-09-01 11:30:51] color is different: (417,564,353a48) 和 bbd1e7
[2018-09-01 11:30:51] j changed
[2018-09-01 11:30:51] color is different: (416,565,353a48) 和 bbd1e7
[2018-09-01 11:30:51] j changed
[2018-09-01 11:30:51] color is different: (415,566,343945) 和 bbd1e7
[2018-09-01 11:30:51] j changed
[2018-09-01 11:30:51] color is different: (414,567,343941) 和 bbd1e7
[2018-09-01 11:30:51] j changed
[2018-09-01 11:30:51] color is different: (414,568,343945) 和 bbd1e7
[2018-09-01 11:30:51] j changed
[2018-09-01 11:30:51] color is different: (413,569,34363e) 和 bbd1e7
[2018-09-01 11:30:51] j changed
[2018-09-01 11:30:51] color is different: (413,570,343941) 和 bbd1e7
[2018-09-01 11:30:51] j changed
[2018-09-01 11:30:51] color is different: (413,571,343945) 和 bbd1e7
[2018-09-01 11:30:51] j changed
[2018-09-01 11:30:51] color is different: (413,572,343945) 和 bbd1e7
[2018-09-01 11:30:51] j changed
[2018-09-01 11:30:51] color is different: (412,573,363741) 和 bbd1e7
[2018-09-01 11:30:51] j changed
[2018-09-01 11:30:51] color is different: (412,574,36373f) 和 bbd1e7
[2018-09-01 11:30:51] j changed
[2018-09-01 11:30:51] color is different: (412,575,35373f) 和 bbd1e7
[2018-09-01 11:30:51] j changed
[2018-09-01 11:30:51] color is different: (412,576,33363e) 和 bbd1e7
[2018-09-01 11:30:51] j changed
[2018-09-01 11:30:51] color is different: (412,577,33363e) 和 bad1e6
[2018-09-01 11:30:51] j changed
[2018-09-01 11:30:51] color is different: (412,578,34353b) 和 bad1e6
[2018-09-01 11:30:51] j changed
[2018-09-01 11:30:51] color is different: (412,579,34353b) 和 bad1e6
[2018-09-01 11:30:51] j changed
[2018-09-01 11:30:51] color is different: (412,580,343539) 和 bad1e6
[2018-09-01 11:30:51] j changed
[2018-09-01 11:30:51] color is different: (412,581,343538) 和 bad1e6
[2018-09-01 11:30:51] j changed
[2018-09-01 11:30:51] color is different: (412,582,343538) 和 bad1e6
[2018-09-01 11:30:51] j changed
[2018-09-01 11:30:51] color is different: (413,583,343539) 和 bad1e6
[2018-09-01 11:30:51] j changed
[2018-09-01 11:30:51] color is different: (413,584,34353b) 和 bad0e6
[2018-09-01 11:30:51] j changed
[2018-09-01 11:30:51] color is different: (413,585,343439) 和 bad0e6
[2018-09-01 11:30:51] j changed
[2018-09-01 11:30:51] color is different: (414,586,34353b) 和 bad0e6
[2018-09-01 11:30:51] j changed
[2018-09-01 11:30:51] color is different: (414,587,34353b) 和 bad0e6
[2018-09-01 11:30:51] j changed
[2018-09-01 11:30:51] color is different: (308,588,649569) 和 bad0e6
[2018-09-01 11:30:51] 不是紫色：308 588 649569
[2018-09-01 11:30:51] color is different: (334,588,bad0e6) 和 649569
[2018-09-01 11:30:51] 不是紫色：334 588 bad0e6
[2018-09-01 11:30:51] (x21,y21): (262,621)    (x22,y22): (378,621)
[2018-09-01 11:30:51] (x1,y1): (429,682)	(x2,y2): (320,619)	d: 125.89678312014
[2018-09-01 11:30:53] cost 4 s
[2018-09-01 11:30:53] 13
[2018-09-01 11:30:54] color is different: (542,504,f5803a) 和 bed3e9
[2018-09-01 11:30:54] 不是紫色：542 504 f5803a
[2018-09-01 11:30:54] color is different: (545,504,bed3e9) 和 f5803a
[2018-09-01 11:30:54] 不是紫色：545 504 bed3e9
[2018-09-01 11:30:54] (x21,y21): (454,555.5)    (x22,y22): (632,555.5)
[2018-09-01 11:30:54] (x1,y1): (207,751)	(x2,y2): (543,553.5)	d: 389.7463919012
[2018-09-01 11:30:56] cost 3 s
[2018-09-01 11:30:56] 14
[2018-09-01 11:30:58] color is different: (236,521,ffee61) 和 bdd3e8
[2018-09-01 11:30:58] 不是紫色：236 521 ffee61
[2018-09-01 11:30:58] color is different: (238,521,bdd3e8) 和 ffee61
[2018-09-01 11:30:58] 不是紫色：238 521 bdd3e8
[2018-09-01 11:30:58] (x21,y21): (147,572.5)    (x22,y22): (326,573)
[2018-09-01 11:30:58] (x1,y1): (509,733)	(x2,y2): (236.5,570.75)	d: 317.14556988866
[2018-09-01 11:31:00] cost 4 s
[2018-09-01 11:31:00] 15
[2018-09-01 11:31:02] color is different: (439,566,34353b) 和 bbd1e7
[2018-09-01 11:31:02] j changed
[2018-09-01 11:31:02] color is different: (435,567,35363e) 和 bbd1e7
[2018-09-01 11:31:02] j changed
[2018-09-01 11:31:02] color is different: (433,568,373842) 和 bbd1e7
[2018-09-01 11:31:02] j changed
[2018-09-01 11:31:02] color is different: (431,569,373842) 和 bbd1e7
[2018-09-01 11:31:02] j changed
[2018-09-01 11:31:02] color is different: (430,570,383844) 和 bbd1e7
[2018-09-01 11:31:02] j changed
[2018-09-01 11:31:02] color is different: (429,571,383846) 和 bbd1e7
[2018-09-01 11:31:02] j changed
[2018-09-01 11:31:02] color is different: (428,572,353a48) 和 bbd1e7
[2018-09-01 11:31:02] j changed
[2018-09-01 11:31:02] color is different: (427,573,343946) 和 bbd1e7
[2018-09-01 11:31:02] j changed
[2018-09-01 11:31:02] color is different: (426,574,343945) 和 bbd1e7
[2018-09-01 11:31:02] j changed
[2018-09-01 11:31:02] color is different: (426,575,353a47) 和 bbd1e7
[2018-09-01 11:31:02] j changed
[2018-09-01 11:31:02] color is different: (425,576,343943) 和 bbd1e7
[2018-09-01 11:31:02] j changed
[2018-09-01 11:31:02] color is different: (425,577,343946) 和 bad1e6
[2018-09-01 11:31:02] j changed
[2018-09-01 11:31:02] color is different: (424,578,343941) 和 bad1e6
[2018-09-01 11:31:02] j changed
[2018-09-01 11:31:02] color is different: (424,579,343946) 和 bad1e6
[2018-09-01 11:31:02] j changed
[2018-09-01 11:31:02] color is different: (424,580,343945) 和 bad1e6
[2018-09-01 11:31:02] j changed
[2018-09-01 11:31:02] color is different: (423,581,363741) 和 bad1e6
[2018-09-01 11:31:02] j changed
[2018-09-01 11:31:02] color is different: (423,582,363741) 和 bad1e6
[2018-09-01 11:31:02] j changed
[2018-09-01 11:31:02] color is different: (423,583,363740) 和 bad1e6
[2018-09-01 11:31:02] j changed
[2018-09-01 11:31:02] color is different: (423,584,35373f) 和 bad0e6
[2018-09-01 11:31:02] j changed
[2018-09-01 11:31:02] color is different: (306,585,649569) 和 bad0e6
[2018-09-01 11:31:02] 不是紫色：306 585 649569
[2018-09-01 11:31:02] color is different: (308,585,bad0e6) 和 649569
[2018-09-01 11:31:02] 不是紫色：308 585 bad0e6
[2018-09-01 11:31:02] (x21,y21): (258,613)    (x22,y22): (355,613.5)
[2018-09-01 11:31:02] (x1,y1): (440,691)	(x2,y2): (306.5,611.25)	d: 155.50663169138
[2018-09-01 11:31:04] cost 4 s
[2018-09-01 11:31:04] 16
[2018-09-01 11:31:05] color is different: (463,566,f6f6f6) 和 bbd1e7
[2018-09-01 11:31:05] 不是紫色：463 566 f6f6f6
[2018-09-01 11:31:05] color is different: (466,566,bbd1e7) 和 f6f6f6
[2018-09-01 11:31:05] 不是紫色：466 566 bbd1e7
[2018-09-01 11:31:05] (x21,y21): (403,601)    (x22,y22): (525,601)
[2018-09-01 11:31:05] (x1,y1): (282,703)	(x2,y2): (464,599)	d: 209.61870145576
[2018-09-01 11:31:07] cost 3 s
[2018-09-01 11:31:07] 17
[2018-09-01 11:31:09] color is different: (548,512,474747) 和 bed3e9
[2018-09-01 11:31:09] 不是紫色：548 512 474747
[2018-09-01 11:31:09] (x1,y1): (187,759)	(x2,y2): (559,543)	d: 430.16275989444
[2018-09-01 11:31:11] cost 4 s
[2018-09-01 11:31:11] 18
[2018-09-01 11:31:13] color is different: (256,572,f6f6f6) 和 bbd1e7
[2018-09-01 11:31:13] 不是紫色：256 572 f6f6f6
[2018-09-01 11:31:13] color is different: (276,572,bbd1e7) 和 f6f6f6
[2018-09-01 11:31:13] 不是紫色：276 572 bbd1e7
[2018-09-01 11:31:13] (x21,y21): (234,590)    (x22,y22): (297,589.5)
[2018-09-01 11:31:13] (x1,y1): (484,713)	(x2,y2): (265.5,587.75)	d: 251.852759564
[2018-09-01 11:31:15] cost 4 s
[2018-09-01 11:31:15] 19
[2018-09-01 11:31:17] color is different: (523,543,f6f6f6) 和 bcd2e8
[2018-09-01 11:31:17] 不是紫色：523 543 f6f6f6
[2018-09-01 11:31:17] color is different: (524,543,bcd2e8) 和 f6f6f6
[2018-09-01 11:31:17] 不是紫色：524 543 bcd2e8
[2018-09-01 11:31:17] (x21,y21): (481,567)    (x22,y22): (565,567)
[2018-09-01 11:31:17] (x1,y1): (226,739)	(x2,y2): (523,565)	d: 344.21650163814
[2018-09-01 11:31:19] cost 4 s
[2018-09-01 11:31:19] 20
[2018-09-01 11:31:20] color is different: (227,516,baf044) 和 bdd3e8
[2018-09-01 11:31:20] 不是紫色：227 516 baf044
[2018-09-01 11:31:20] color is different: (229,516,bdd3e8) 和 baf044
[2018-09-01 11:31:20] 不是紫色：229 516 bdd3e8
[2018-09-01 11:31:20] (x21,y21): (138,568)    (x22,y22): (317,568)
[2018-09-01 11:31:20] (x1,y1): (514,740)	(x2,y2): (227.5,566)	d: 335.19882159697
[2018-09-01 11:31:22] cost 3 s
[2018-09-01 11:31:22] 21
[2018-09-01 11:31:23] color is different: (176,490,649569) 和 cadadf
[2018-09-01 11:31:23] 不是紫色：176 490 649569
[2018-09-01 11:31:23] color is different: (178,490,cadadf) 和 649569
[2018-09-01 11:31:23] 不是紫色：178 490 cadadf
[2018-09-01 11:31:23] (x21,y21): (93,538)    (x22,y22): (260,538)
[2018-09-01 11:31:23] (x1,y1): (577,770)	(x2,y2): (176.5,536)	d: 463.84938288199
[2018-09-01 11:31:26] cost 4 s
[2018-09-01 11:31:26] 22
[2018-09-01 11:31:27] color is different: (288,551,f5803a) 和 f1eeba
[2018-09-01 11:31:27] 不是紫色：288 551 f5803a
[2018-09-01 11:31:27] color is different: (290,551,f1eeba) 和 f5803a
[2018-09-01 11:31:27] 不是紫色：290 551 f1eeba
[2018-09-01 11:31:27] (x21,y21): (199,603)    (x22,y22): (378,603)
[2018-09-01 11:31:27] (x1,y1): (445,694)	(x2,y2): (288.5,601)	d: 182.04738394165
[2018-09-01 11:31:29] cost 3 s
[2018-09-01 11:31:29] 23
[2018-09-01 11:31:31] color is different: (482,530,f1f1f1) 和 f8f2b6
[2018-09-01 11:31:31] 不是紫色：482 530 f1f1f1
[2018-09-01 11:31:31] color is different: (486,530,f8f2b6) 和 f1f1f1
[2018-09-01 11:31:31] 不是紫色：486 530 f8f2b6
[2018-09-01 11:31:31] (x21,y21): (379,590)    (x22,y22): (585,588)
[2018-09-01 11:31:31] (x1,y1): (266,716)	(x2,y2): (482,587)	d: 251.58895047279
[2018-09-01 11:31:33] cost 4 s
[2018-09-01 11:31:33] 24
[2018-09-01 11:31:34] color is different: (317,559,34353b) 和 f8f2b5
[2018-09-01 11:31:34] change flag
[2018-09-01 11:31:34] color is different: (319,559,343539) 和 f8f2b5
[2018-09-01 11:31:34] j changed
[2018-09-01 11:31:34] color is different: (324,560,35353f) 和 f8f2b5
[2018-09-01 11:31:34] j changed
[2018-09-01 11:31:34] color is different: (327,561,353640) 和 f8f2b5
[2018-09-01 11:31:34] j changed
[2018-09-01 11:31:34] color is different: (329,562,383844) 和 f8f2b5
[2018-09-01 11:31:34] j changed
[2018-09-01 11:31:34] color is different: (330,563,3d3849) 和 f8f2b5
[2018-09-01 11:31:34] j changed
[2018-09-01 11:31:34] color is different: (332,564,3a394a) 和 f8f2b5
[2018-09-01 11:31:34] j changed
[2018-09-01 11:31:34] color is different: (332,565,413b56) 和 f8f2b5
[2018-09-01 11:31:34] j changed
[2018-09-01 11:31:34] color is different: (333,566,433a59) 和 f8f2b5
[2018-09-01 11:31:34] j changed
[2018-09-01 11:31:34] color is different: (433,567,fafafa) 和 f8f2b5
[2018-09-01 11:31:34] 不是紫色：433 567 fafafa
[2018-09-01 11:31:34] color is different: (432,567,f8f2b5) 和 fafafa
[2018-09-01 11:31:34] 不是紫色：432 567 f8f2b5
[2018-09-01 11:31:34] (x21,y21): (343,619)    (x22,y22): (523,619)
[2018-09-01 11:31:34] (x1,y1): (316,684)	(x2,y2): (433,617)	d: 134.82581355215
[2018-09-01 11:31:36] cost 3 s
[2018-09-01 11:31:36] 25
[2018-09-01 11:31:38] color is different: (416,552,34343b) 和 f8f2b6
[2018-09-01 11:31:38] j changed
[2018-09-01 11:31:38] color is different: (411,553,36373f) 和 f8f2b5
[2018-09-01 11:31:38] j changed
[2018-09-01 11:31:38] color is different: (409,554,383844) 和 f8f2b5
[2018-09-01 11:31:38] j changed
[2018-09-01 11:31:38] color is different: (407,555,383846) 和 f8f2b5
[2018-09-01 11:31:38] j changed
[2018-09-01 11:31:38] color is different: (405,556,373843) 和 f8f2b5
[2018-09-01 11:31:38] j changed
[2018-09-01 11:31:38] color is different: (404,557,373846) 和 f8f2b5
[2018-09-01 11:31:38] j changed
[2018-09-01 11:31:38] color is different: (403,558,363947) 和 f8f2b5
[2018-09-01 11:31:38] j changed
[2018-09-01 11:31:38] color is different: (402,559,343946) 和 f8f2b5
[2018-09-01 11:31:38] j changed
[2018-09-01 11:31:38] color is different: (401,560,343945) 和 f8f2b5
[2018-09-01 11:31:38] j changed
[2018-09-01 11:31:38] color is different: (401,561,353a48) 和 f8f2b5
[2018-09-01 11:31:38] j changed
[2018-09-01 11:31:38] color is different: (400,562,343945) 和 f8f2b5
[2018-09-01 11:31:38] j changed
[2018-09-01 11:31:38] color is different: (399,563,36373f) 和 f8f2b5
[2018-09-01 11:31:38] j changed
[2018-09-01 11:31:38] color is different: (399,564,343941) 和 f8f2b5
[2018-09-01 11:31:38] j changed
[2018-09-01 11:31:38] color is different: (399,565,353a48) 和 f8f2b5
[2018-09-01 11:31:38] j changed
[2018-09-01 11:31:38] color is different: (398,566,35363e) 和 f8f2b5
[2018-09-01 11:31:38] j changed
[2018-09-01 11:31:38] color is different: (398,567,343941) 和 f8f2b5
[2018-09-01 11:31:38] j changed
[2018-09-01 11:31:38] color is different: (398,568,343941) 和 f8f2b5
[2018-09-01 11:31:38] j changed
[2018-09-01 11:31:38] color is different: (398,569,353841) 和 f8f2b5
[2018-09-01 11:31:38] j changed
[2018-09-01 11:31:38] color is different: (398,570,363740) 和 f8f2b5
[2018-09-01 11:31:38] j changed
[2018-09-01 11:31:38] color is different: (397,571,34353b) 和 f8f2b5
[2018-09-01 11:31:38] j changed
[2018-09-01 11:31:38] color is different: (397,572,343538) 和 f8f2b5
[2018-09-01 11:31:38] j changed
[2018-09-01 11:31:38] color is different: (397,573,343538) 和 f8f2b5
[2018-09-01 11:31:38] j changed
[2018-09-01 11:31:38] color is different: (397,574,343537) 和 f8f2b5
[2018-09-01 11:31:38] j changed
[2018-09-01 11:31:38] color is different: (397,575,333436) 和 f8f2b5
[2018-09-01 11:31:38] j changed
[2018-09-01 11:31:38] color is different: (398,576,34353b) 和 f8f2b5
[2018-09-01 11:31:38] j changed
[2018-09-01 11:31:38] color is different: (398,577,343538) 和 f8f2b4
[2018-09-01 11:31:38] j changed
[2018-09-01 11:31:38] color is different: (398,578,34353b) 和 f8f2b4
[2018-09-01 11:31:38] j changed
[2018-09-01 11:31:38] color is different: (399,579,34353a) 和 f8f2b4
[2018-09-01 11:31:38] j changed
[2018-09-01 11:31:38] color is different: (399,580,343539) 和 f8f2b4
[2018-09-01 11:31:38] j changed
[2018-09-01 11:31:38] color is different: (400,581,343539) 和 f8f2b4
[2018-09-01 11:31:38] j changed
[2018-09-01 11:31:38] color is different: (400,582,33343d) 和 f8f2b4
[2018-09-01 11:31:38] j changed
[2018-09-01 11:31:38] color is different: (401,583,34353b) 和 f8f2b4
[2018-09-01 11:31:38] j changed
[2018-09-01 11:31:38] color is different: (401,584,33373f) 和 f8f2b4
[2018-09-01 11:31:38] j changed
[2018-09-01 11:31:38] color is different: (402,585,343940) 和 f8f2b4
[2018-09-01 11:31:38] j changed
[2018-09-01 11:31:38] color is different: (403,586,313a41) 和 f8f2b4
[2018-09-01 11:31:38] j changed
[2018-09-01 11:31:38] color is different: (404,587,323d46) 和 f8f2b4
[2018-09-01 11:31:38] j changed
[2018-09-01 11:31:38] color is different: (405,588,323d48) 和 f8f2b4
[2018-09-01 11:31:38] j changed
[2018-09-01 11:31:38] color is different: (407,589,333e4b) 和 f8f2b4
[2018-09-01 11:31:38] j changed
[2018-09-01 11:31:38] color is different: (408,590,383c52) 和 f8f2b4
[2018-09-01 11:31:38] j changed
[2018-09-01 11:31:38] color is different: (411,591,3a4151) 和 f8f2b4
[2018-09-01 11:31:38] j changed
[2018-09-01 11:31:38] color is different: (416,592,40425b) 和 f8f2b4
[2018-09-01 11:31:38] j changed
[2018-09-01 11:31:38] color is different: (415,598,343538) 和 f7f2b4
[2018-09-01 11:31:38] j changed
[2018-09-01 11:31:38] color is different: (331,599,649569) 和 f7f2b4
[2018-09-01 11:31:38] 不是紫色：331 599 649569
[2018-09-01 11:31:38] color is different: (334,599,f7f2b4) 和 649569
[2018-09-01 11:31:38] 不是紫色：334 599 f7f2b4
[2018-09-01 11:31:38] (x21,y21): (281,628)    (x22,y22): (382,628)
[2018-09-01 11:31:38] (x1,y1): (414,677)	(x2,y2): (331.5,626)	d: 96.990978961963
[2018-09-01 11:31:40] cost 4 s
[2018-09-01 11:31:40] 26
[2018-09-01 11:31:42] color is different: (418,553,34353b) 和 f8f2b5
[2018-09-01 11:31:42] j changed
[2018-09-01 11:31:42] color is different: (413,554,35363e) 和 f8f2b5
[2018-09-01 11:31:42] j changed
[2018-09-01 11:31:42] color is different: (411,555,373842) 和 f8f2b5
[2018-09-01 11:31:42] j changed
[2018-09-01 11:31:42] color is different: (409,556,383844) 和 f8f2b5
[2018-09-01 11:31:42] j changed
[2018-09-01 11:31:42] color is different: (408,557,383846) 和 f8f2b5
[2018-09-01 11:31:42] j changed
[2018-09-01 11:31:42] color is different: (407,558,353a48) 和 f8f2b5
[2018-09-01 11:31:42] j changed
[2018-09-01 11:31:42] color is different: (406,559,353a48) 和 f8f2b5
[2018-09-01 11:31:42] j changed
[2018-09-01 11:31:42] color is different: (405,560,353a48) 和 f8f2b5
[2018-09-01 11:31:42] j changed
[2018-09-01 11:31:42] color is different: (404,561,343945) 和 f8f2b5
[2018-09-01 11:31:42] j changed
[2018-09-01 11:31:42] color is different: (403,562,343941) 和 f8f2b5
[2018-09-01 11:31:42] j changed
[2018-09-01 11:31:42] color is different: (403,563,343945) 和 f8f2b5
[2018-09-01 11:31:42] j changed
[2018-09-01 11:31:42] color is different: (402,564,343941) 和 f8f2b5
[2018-09-01 11:31:42] j changed
[2018-09-01 11:31:42] color is different: (402,565,343945) 和 f8f2b5
[2018-09-01 11:31:42] j changed
[2018-09-01 11:31:42] color is different: (402,566,353a48) 和 f8f2b5
[2018-09-01 11:31:42] j changed
[2018-09-01 11:31:42] color is different: (401,567,36373f) 和 f8f2b5
[2018-09-01 11:31:42] j changed
[2018-09-01 11:31:42] color is different: (401,568,343941) 和 f8f2b5
[2018-09-01 11:31:42] j changed
[2018-09-01 11:31:42] color is different: (401,569,343941) 和 f8f2b5
[2018-09-01 11:31:42] j changed
[2018-09-01 11:31:42] color is different: (401,570,343941) 和 f8f2b5
[2018-09-01 11:31:42] j changed
[2018-09-01 11:31:42] color is different: (400,571,34353b) 和 f8f2b5
[2018-09-01 11:31:42] j changed
[2018-09-01 11:31:42] color is different: (400,572,34353b) 和 f8f2b5
[2018-09-01 11:31:42] j changed
[2018-09-01 11:31:42] color is different: (400,573,343539) 和 f8f2b5
[2018-09-01 11:31:42] j changed
[2018-09-01 11:31:42] color is different: (400,574,343538) 和 f8f2b5
[2018-09-01 11:31:42] j changed
[2018-09-01 11:31:42] color is different: (400,575,343537) 和 f8f2b5
[2018-09-01 11:31:42] j changed
[2018-09-01 11:31:42] color is different: (400,576,333436) 和 f8f2b5
[2018-09-01 11:31:42] j changed
[2018-09-01 11:31:42] color is different: (401,577,34353b) 和 f8f2b4
[2018-09-01 11:31:42] j changed
[2018-09-01 11:31:42] color is different: (401,578,343538) 和 f8f2b4
[2018-09-01 11:31:42] j changed
[2018-09-01 11:31:42] color is different: (401,579,34353b) 和 f8f2b4
[2018-09-01 11:31:42] j changed
[2018-09-01 11:31:42] color is different: (402,580,34353b) 和 f8f2b4
[2018-09-01 11:31:42] j changed
[2018-09-01 11:31:42] color is different: (402,581,34353a) 和 f8f2b4
[2018-09-01 11:31:42] j changed
[2018-09-01 11:31:42] color is different: (403,582,34353b) 和 f8f2b4
[2018-09-01 11:31:42] j changed
[2018-09-01 11:31:42] color is different: (403,583,34353c) 和 f8f2b4
[2018-09-01 11:31:42] j changed
[2018-09-01 11:31:42] color is different: (404,584,33363d) 和 f8f2b4
[2018-09-01 11:31:42] j changed
[2018-09-01 11:31:42] color is different: (404,585,343941) 和 f8f2b4
[2018-09-01 11:31:42] j changed
[2018-09-01 11:31:42] color is different: (405,586,333942) 和 f8f2b4
[2018-09-01 11:31:42] j changed
[2018-09-01 11:31:42] color is different: (406,587,333a45) 和 f8f2b4
[2018-09-01 11:31:42] j changed
[2018-09-01 11:31:42] color is different: (407,588,333c48) 和 f8f2b4
[2018-09-01 11:31:42] j changed
[2018-09-01 11:31:42] color is different: (409,589,323d48) 和 f8f2b4
[2018-09-01 11:31:42] j changed
[2018-09-01 11:31:42] color is different: (410,590,343e4c) 和 f8f2b4
[2018-09-01 11:31:42] j changed
[2018-09-01 11:31:42] color is different: (412,591,37414f) 和 f8f2b4
[2018-09-01 11:31:42] j changed
[2018-09-01 11:31:42] color is different: (414,592,394151) 和 f8f2b4
[2018-09-01 11:31:42] j changed
[2018-09-01 11:31:42] color is different: (417,599,343538) 和 f7f2b4
[2018-09-01 11:31:42] j changed
[2018-09-01 11:31:42] color is different: (412,600,35363e) 和 f7f2b4
[2018-09-01 11:31:42] j changed
[2018-09-01 11:31:42] color is different: (410,601,36373f) 和 f7f1b4
[2018-09-01 11:31:42] j changed
[2018-09-01 11:31:42] color is different: (408,602,373842) 和 f7f1b3
[2018-09-01 11:31:42] j changed
[2018-09-01 11:31:42] color is different: (406,603,36373f) 和 f7f1b3
[2018-09-01 11:31:42] j changed
[2018-09-01 11:31:42] color is different: (405,604,343941) 和 f7f1b3
[2018-09-01 11:31:42] j changed
[2018-09-01 11:31:42] color is different: (325,605,f6f6f6) 和 f7f1b3
[2018-09-01 11:31:42] 不是紫色：325 605 f6f6f6
[2018-09-01 11:31:42] color is different: (340,605,f7f1b3) 和 f6f6f6
[2018-09-01 11:31:42] 不是紫色：340 605 f7f1b3
[2018-09-01 11:31:42] (x21,y21): (292,628)    (x22,y22): (372,628)
[2018-09-01 11:31:42] (x1,y1): (417,678)	(x2,y2): (332,626)	d: 99.64436762808
[2018-09-01 11:31:44] cost 4 s
[2018-09-01 11:31:44] 27
[2018-09-01 11:31:45] color is different: (184,491,ffee61) 和 f9f3b8
[2018-09-01 11:31:45] 不是紫色：184 491 ffee61
[2018-09-01 11:31:45] color is different: (186,491,f9f3b8) 和 ffee61
[2018-09-01 11:31:45] 不是紫色：186 491 f9f3b8
[2018-09-01 11:31:45] (x21,y21): (95,543)    (x22,y22): (274,543)
[2018-09-01 11:31:45] (x1,y1): (560,760)	(x2,y2): (184.5,541)	d: 434.69673336707
[2018-09-01 11:31:47] cost 3 s
[2018-09-01 11:31:47] 28
[2018-09-01 11:31:49] color is different: (274,565,f6f6f6) 和 f8f2b5
[2018-09-01 11:31:49] 不是紫色：274 565 f6f6f6
[2018-09-01 11:31:49] color is different: (278,565,f8f2b5) 和 f6f6f6
[2018-09-01 11:31:49] 不是紫色：278 565 f8f2b5
[2018-09-01 11:31:49] (x21,y21): (222,595)    (x22,y22): (329,595)
[2018-09-01 11:31:49] (x1,y1): (471,709)	(x2,y2): (275.5,593)	d: 227.32410782845
[2018-09-01 11:31:51] cost 4 s
[2018-09-01 11:31:51] 29
[2018-09-01 11:31:52] color is different: (443,534,faf6cc) 和 f8f2b6
[2018-09-01 11:31:52] 不是紫色：443 534 faf6cc
[2018-09-01 11:31:52] color is different: (446,534,f8f2b6) 和 faf6cc
[2018-09-01 11:31:52] 不是紫色：446 534 f8f2b6
[2018-09-01 11:31:52] (x21,y21): (311,613)    (x22,y22): (579,620)
[2018-09-01 11:31:52] (x1,y1): (313,698)	(x2,y2): (444,620)	d: 152.46311029229
[2018-09-01 11:31:54] cost 3 s
[2018-09-01 11:31:54] 30
[2018-09-01 11:31:55] color is different: (176,502,f6f6f6) 和 f9f3b8
[2018-09-01 11:31:55] 不是紫色：176 502 f6f6f6
[2018-09-01 11:31:55] color is different: (178,502,f9f3b8) 和 f6f6f6
[2018-09-01 11:31:55] 不是紫色：178 502 f9f3b8
[2018-09-01 11:31:55] (x21,y21): (114,538)    (x22,y22): (239,538)
[2018-09-01 11:31:55] (x1,y1): (566,769)	(x2,y2): (176.5,536)	d: 453.87140249194
[2018-09-01 11:31:58] cost 4 s
[2018-09-01 11:31:58] 31
[2018-09-01 11:31:59] color is different: (240,552,f6f6f6) 和 f8f2b6
[2018-09-01 11:31:59] 不是紫色：240 552 f6f6f6
[2018-09-01 11:31:59] color is different: (264,552,f8f2b6) 和 f6f6f6
[2018-09-01 11:31:59] 不是紫色：264 552 f8f2b6
[2018-09-01 11:31:59] (x21,y21): (200,581.5)    (x22,y22): (303,581.5)
[2018-09-01 11:31:59] (x1,y1): (499,725)	(x2,y2): (251.5,579.5)	d: 287.10015673977
[2018-09-01 11:32:02] cost 4 s
[2018-09-01 11:32:02] 32
[2018-09-01 11:32:03] color is different: (530,511,baf044) 和 f9f3b7
[2018-09-01 11:32:03] 不是紫色：530 511 baf044
[2018-09-01 11:32:03] color is different: (533,511,f9f3b7) 和 baf044
[2018-09-01 11:32:03] 不是紫色：533 511 f9f3b7
[2018-09-01 11:32:03] (x21,y21): (441,562)    (x22,y22): (620,562.5)
[2018-09-01 11:32:03] (x1,y1): (228,749)	(x2,y2): (530.5,560.25)	d: 356.55688536333
[2018-09-01 11:32:04] 主动终止
